        -:    0:Source:memcached.c
        -:    0:Graph:memcached.gcno
        -:    0:Data:memcached.gcda
        -:    0:Runs:382
        -:    1:/* -*- Mode: C; tab-width: 4; c-basic-offset: 4; indent-tabs-mode: nil -*- */
        -:    2:/*
        -:    3: *  memcached - memory caching daemon
        -:    4: *
        -:    5: *       https://www.memcached.org/
        -:    6: *
        -:    7: *  Copyright 2003 Danga Interactive, Inc.  All rights reserved.
        -:    8: *
        -:    9: *  Use and distribution licensed under the BSD license.  See
        -:   10: *  the LICENSE file for full text.
        -:   11: *
        -:   12: *  Authors:
        -:   13: *      Anatoly Vorobey <mellon@pobox.com>
        -:   14: *      Brad Fitzpatrick <brad@danga.com>
        -:   15: */
        -:   16:#include "memcached.h"
        -:   17:#include "storage.h"
        -:   18:#include "authfile.h"
        -:   19:#include "restart.h"
        -:   20:#include <sys/stat.h>
        -:   21:#include <sys/socket.h>
        -:   22:#include <sys/un.h>
        -:   23:#include <signal.h>
        -:   24:#include <sys/param.h>
        -:   25:#include <sys/resource.h>
        -:   26:#include <sys/uio.h>
        -:   27:#include <ctype.h>
        -:   28:#include <stdarg.h>
        -:   29:
        -:   30:/* some POSIX systems need the following definition
        -:   31: * to get mlockall flags out of sys/mman.h.  */
        -:   32:#ifndef _P1003_1B_VISIBLE
        -:   33:#define _P1003_1B_VISIBLE
        -:   34:#endif
        -:   35:#include <pwd.h>
        -:   36:#include <sys/mman.h>
        -:   37:#include <fcntl.h>
        -:   38:#include <netinet/tcp.h>
        -:   39:#include <arpa/inet.h>
        -:   40:#include <errno.h>
        -:   41:#include <stdlib.h>
        -:   42:#include <stdio.h>
        -:   43:#include <string.h>
        -:   44:#include <time.h>
        -:   45:#include <assert.h>
        -:   46:#include <sysexits.h>
        -:   47:#include <stddef.h>
        -:   48:
        -:   49:#ifdef HAVE_GETOPT_LONG
        -:   50:#include <getopt.h>
        -:   51:#endif
        -:   52:
        -:   53:#ifdef TLS
        -:   54:#include "tls.h"
        -:   55:#endif
        -:   56:
        -:   57:#include "proto_text.h"
        -:   58:#include "proto_bin.h"
        -:   59:#include "proto_proxy.h"
        -:   60:
        -:   61:#if defined(__FreeBSD__)
        -:   62:#include <sys/sysctl.h>
        -:   63:#endif
        -:   64:
        -:   65:/*
        -:   66: * forward declarations
        -:   67: */
        -:   68:static void drive_machine(conn *c);
        -:   69:static int new_socket(struct addrinfo *ai);
        -:   70:static ssize_t tcp_read(conn *arg, void *buf, size_t count);
        -:   71:static ssize_t tcp_sendmsg(conn *arg, struct msghdr *msg, int flags);
        -:   72:static ssize_t tcp_write(conn *arg, void *buf, size_t count);
        -:   73:
        -:   74:enum try_read_result {
        -:   75:    READ_DATA_RECEIVED,
        -:   76:    READ_NO_DATA_RECEIVED,
        -:   77:    READ_ERROR,            /** an error occurred (on the socket) (or client closed connection) */
        -:   78:    READ_MEMORY_ERROR      /** failed to allocate more memory */
        -:   79:};
        -:   80:
        -:   81:static int try_read_command_negotiate(conn *c);
        -:   82:static int try_read_command_udp(conn *c);
        -:   83:
        -:   84:static enum try_read_result try_read_network(conn *c);
        -:   85:static enum try_read_result try_read_udp(conn *c);
        -:   86:
        -:   87:static int start_conn_timeout_thread();
        -:   88:
        -:   89:/* stats */
        -:   90:static void stats_init(void);
        -:   91:static void conn_to_str(const conn *c, char *addr, char *svr_addr);
        -:   92:
        -:   93:/* defaults */
        -:   94:static void settings_init(void);
        -:   95:
        -:   96:/* event handling, network IO */
        -:   97:static void event_handler(const evutil_socket_t fd, const short which, void *arg);
        -:   98:static void conn_close(conn *c);
        -:   99:static void conn_init(void);
        -:  100:static bool update_event(conn *c, const int new_flags);
        -:  101:static void complete_nread(conn *c);
        -:  102:
        -:  103:static void conn_free(conn *c);
        -:  104:
        -:  105:/** exported globals **/
        -:  106:struct stats stats;
        -:  107:struct stats_state stats_state;
        -:  108:struct settings settings;
        -:  109:time_t process_started;     /* when the process was started */
        -:  110:conn **conns;
        -:  111:
        -:  112:struct slab_rebalance slab_rebal;
        -:  113:volatile int slab_rebalance_signal;
        -:  114:#ifdef EXTSTORE
        -:  115:/* hoping this is temporary; I'd prefer to cut globals, but will complete this
        -:  116: * battle another day.
        -:  117: */
        -:  118:void *ext_storage = NULL;
        -:  119:#endif
        -:  120:/** file scope variables **/
        -:  121:static conn *listen_conn = NULL;
        -:  122:static int max_fds;
        -:  123:static struct event_base *main_base;
        -:  124:
        -:  125:enum transmit_result {
        -:  126:    TRANSMIT_COMPLETE,   /** All done writing. */
        -:  127:    TRANSMIT_INCOMPLETE, /** More data remaining to write. */
        -:  128:    TRANSMIT_SOFT_ERROR, /** Can't write any more right now. */
        -:  129:    TRANSMIT_HARD_ERROR  /** Can't write (c->state is set to conn_closing) */
        -:  130:};
        -:  131:
        -:  132:/* Default methods to read from/ write to a socket */
   563153:  133:ssize_t tcp_read(conn *c, void *buf, size_t count) {
  563153*:  134:    assert (c != NULL);
   563153:  135:    return read(c->sfd, buf, count);
        -:  136:}
        -:  137:
   410716:  138:ssize_t tcp_sendmsg(conn *c, struct msghdr *msg, int flags) {
  410716*:  139:    assert (c != NULL);
   410716:  140:    return sendmsg(c->sfd, msg, flags);
        -:  141:}
        -:  142:
       76:  143:ssize_t tcp_write(conn *c, void *buf, size_t count) {
      76*:  144:    assert (c != NULL);
       76:  145:    return write(c->sfd, buf, count);
        -:  146:}
        -:  147:
        -:  148:static enum transmit_result transmit(conn *c);
        -:  149:
        -:  150:/* This reduces the latency without adding lots of extra wiring to be able to
        -:  151: * notify the listener thread of when to listen again.
        -:  152: * Also, the clock timer could be broken out into its own thread and we
        -:  153: * can block the listener via a condition.
        -:  154: */
        -:  155:static volatile bool allow_new_conns = true;
        -:  156:static int stop_main_loop = NOT_STOP;
        -:  157:static struct event maxconnsevent;
    #####:  158:static void maxconns_handler(const evutil_socket_t fd, const short which, void *arg) {
    #####:  159:    struct timeval t = {.tv_sec = 0, .tv_usec = 10000};
        -:  160:
    #####:  161:    if (fd == -42 || allow_new_conns == false) {
        -:  162:        /* reschedule in 10ms if we need to keep polling */
    #####:  163:        evtimer_set(&maxconnsevent, maxconns_handler, 0);
    #####:  164:        event_base_set(main_base, &maxconnsevent);
    #####:  165:        evtimer_add(&maxconnsevent, &t);
        -:  166:    } else {
    #####:  167:        evtimer_del(&maxconnsevent);
    #####:  168:        accept_new_conns(true);
        -:  169:    }
    #####:  170:}
        -:  171:
        -:  172:/*
        -:  173: * given time value that's either unix time or delta from current unix time, return
        -:  174: * unix time. Use the fact that delta can't exceed one month (and real time value can't
        -:  175: * be that low).
        -:  176: */
   328020:  177:rel_time_t realtime(const time_t exptime) {
        -:  178:    /* no. of seconds in 30 days - largest possible delta exptime */
        -:  179:
   328020:  180:    if (exptime == 0) return 0; /* 0 means never expire */
        -:  181:
     1662:  182:    if (exptime > REALTIME_MAXDELTA) {
        -:  183:        /* if item expiration is at/before the server started, give it an
        -:  184:           expiration time of 1 second after the server started.
        -:  185:           (because 0 means don't expire).  without this, we'd
        -:  186:           underflow and wrap around to some large value way in the
        -:  187:           future, effectively making items expiring in the past
        -:  188:           really expiring never */
       13:  189:        if (exptime <= process_started)
        -:  190:            return (rel_time_t)1;
        8:  191:        return (rel_time_t)(exptime - process_started);
        -:  192:    } else {
     1649:  193:        return (rel_time_t)(exptime + current_time);
        -:  194:    }
        -:  195:}
        -:  196:
      104:  197:static void stats_init(void) {
      104:  198:    memset(&stats, 0, sizeof(struct stats));
      104:  199:    memset(&stats_state, 0, sizeof(struct stats_state));
      104:  200:    stats_state.accepting_conns = true; /* assuming we start in this state. */
        -:  201:
        -:  202:    /* make the time we started always be 2 seconds before we really
        -:  203:       did, so time(0) - time.started is never zero.  if so, things
        -:  204:       like 'settings.oldest_live' which act as booleans as well as
        -:  205:       values are now false in boolean context... */
      104:  206:    process_started = time(0) - ITEM_UPDATE_INTERVAL - 2;
      104:  207:    stats_prefix_init(settings.prefix_delimiter);
      104:  208:}
        -:  209:
        3:  210:void stats_reset(void) {
        3:  211:    STATS_LOCK();
        3:  212:    memset(&stats, 0, sizeof(struct stats));
        3:  213:    stats_prefix_clear();
        3:  214:    STATS_UNLOCK();
        3:  215:    threadlocal_stats_reset();
        3:  216:    item_stats_reset();
        3:  217:}
        -:  218:
      381:  219:static void settings_init(void) {
      381:  220:    settings.use_cas = true;
      381:  221:    settings.access = 0700;
      381:  222:    settings.port = 11212;
      381:  223:    settings.udpport = 0;
        -:  224:#ifdef TLS
        -:  225:    settings.ssl_enabled = false;
        -:  226:    settings.ssl_ctx = NULL;
        -:  227:    settings.ssl_chain_cert = NULL;
        -:  228:    settings.ssl_key = NULL;
        -:  229:    settings.ssl_verify_mode = SSL_VERIFY_NONE;
        -:  230:    settings.ssl_keyformat = SSL_FILETYPE_PEM;
        -:  231:    settings.ssl_ciphers = NULL;
        -:  232:    settings.ssl_ca_cert = NULL;
        -:  233:    settings.ssl_last_cert_refresh_time = current_time;
        -:  234:    settings.ssl_wbuf_size = 16 * 1024; // default is 16KB (SSL max frame size is 17KB)
        -:  235:    settings.ssl_session_cache = false;
        -:  236:    settings.ssl_kernel_tls = false;
        -:  237:    settings.ssl_min_version = TLS1_2_VERSION;
        -:  238:#endif
        -:  239:    /* By default this string should be NULL for getaddrinfo() */
      381:  240:    settings.inter = NULL;
      381:  241:    settings.maxbytes = 64 * 1024 * 1024; /* default is 64MB */
      381:  242:    settings.maxconns = 1024;         /* to limit connections-related memory to about 5MB */
      381:  243:    settings.verbose = 0;
      381:  244:    settings.oldest_live = 0;
      381:  245:    settings.oldest_cas = 0;          /* supplements accuracy of oldest_live */
      381:  246:    settings.evict_to_free = 1;       /* push old items out of cache when memory runs out */
      381:  247:    settings.socketpath = NULL;       /* by default, not using a unix socket */
      381:  248:    settings.auth_file = NULL;        /* by default, not using ASCII authentication tokens */
      381:  249:    settings.factor = 1.25;
      381:  250:    settings.chunk_size = 48;         /* space for a modest key and value */
      381:  251:    settings.num_threads = 4;         /* N workers */
      381:  252:    settings.num_threads_per_udp = 0;
      381:  253:    settings.prefix_delimiter = ':';
      381:  254:    settings.detail_enabled = 0;
      381:  255:    settings.reqs_per_event = 20;
      381:  256:    settings.backlog = 1024;
      381:  257:    settings.binding_protocol = negotiating_prot;
      381:  258:    settings.item_size_max = 1024 * 1024; /* The famous 1MB upper limit. */
      381:  259:    settings.slab_page_size = 1024 * 1024; /* chunks are split from 1MB pages. */
      381:  260:    settings.slab_chunk_size_max = settings.slab_page_size / 2;
      381:  261:    settings.sasl = false;
      381:  262:    settings.maxconns_fast = true;
      381:  263:    settings.lru_crawler = false;
      381:  264:    settings.lru_crawler_sleep = 100;
      381:  265:    settings.lru_crawler_tocrawl = 0;
      381:  266:    settings.lru_maintainer_thread = false;
      381:  267:    settings.lru_segmented = true;
      381:  268:    settings.hot_lru_pct = 20;
      381:  269:    settings.warm_lru_pct = 40;
      381:  270:    settings.hot_max_factor = 0.2;
      381:  271:    settings.warm_max_factor = 2.0;
      381:  272:    settings.temp_lru = false;
      381:  273:    settings.temporary_ttl = 61;
      381:  274:    settings.idle_timeout = 0; /* disabled */
      381:  275:    settings.hashpower_init = 0;
      381:  276:    settings.slab_reassign = true;
      381:  277:    settings.slab_automove = 1;
      381:  278:    settings.slab_automove_ratio = 0.8;
      381:  279:    settings.slab_automove_window = 30;
      381:  280:    settings.shutdown_command = false;
      381:  281:    settings.tail_repair_time = TAIL_REPAIR_TIME_DEFAULT;
      381:  282:    settings.flush_enabled = true;
      381:  283:    settings.dump_enabled = true;
      381:  284:    settings.crawls_persleep = 1000;
      381:  285:    settings.logger_watcher_buf_size = LOGGER_WATCHER_BUF_SIZE;
      381:  286:    settings.logger_buf_size = LOGGER_BUF_SIZE;
      381:  287:    settings.drop_privileges = false;
      381:  288:    settings.watch_enabled = true;
      381:  289:    settings.read_buf_mem_limit = 0;
        -:  290:#ifdef MEMCACHED_DEBUG
      381:  291:    settings.relaxed_privileges = false;
        -:  292:#endif
      381:  293:    settings.num_napi_ids = 0;
      381:  294:    settings.memory_file = NULL;
        -:  295:#ifdef SOCK_COOKIE_ID
      381:  296:    settings.sock_cookie_id = 0;
        -:  297:#endif
      381:  298:}
        -:  299:
        -:  300:extern pthread_mutex_t conn_lock;
        -:  301:
        -:  302:/* Connection timeout thread bits */
        -:  303:static pthread_t conn_timeout_tid;
        -:  304:static int do_run_conn_timeout_thread;
        -:  305:static pthread_cond_t conn_timeout_cond = PTHREAD_COND_INITIALIZER;
        -:  306:static pthread_mutex_t conn_timeout_lock = PTHREAD_MUTEX_INITIALIZER;
        -:  307:
        -:  308:#define CONNS_PER_SLICE 100
        1:  309:static void *conn_timeout_thread(void *arg) {
        1:  310:    int i;
        1:  311:    conn *c;
        1:  312:    rel_time_t oldest_last_cmd;
        1:  313:    int sleep_time;
        1:  314:    int sleep_slice = max_fds / CONNS_PER_SLICE;
        1:  315:    if (sleep_slice == 0)
    #####:  316:        sleep_slice = CONNS_PER_SLICE;
        -:  317:
        1:  318:    useconds_t timeslice = 1000000 / sleep_slice;
        -:  319:
        1:  320:    mutex_lock(&conn_timeout_lock);
        5:  321:    while(do_run_conn_timeout_thread) {
        4:  322:        if (settings.verbose > 2)
    #####:  323:            fprintf(stderr, "idle timeout thread at top of connection list\n");
        -:  324:
        4:  325:        oldest_last_cmd = current_time;
        -:  326:
     4100:  327:        for (i = 0; i < max_fds; i++) {
     4096:  328:            if ((i % CONNS_PER_SLICE) == 0) {
       44:  329:                if (settings.verbose > 2)
    #####:  330:                    fprintf(stderr, "idle timeout thread sleeping for %ulus\n",
        -:  331:                        (unsigned int)timeslice);
       44:  332:                usleep(timeslice);
        -:  333:            }
        -:  334:
     4096:  335:            if (!conns[i])
     4073:  336:                continue;
        -:  337:
       23:  338:            c = conns[i];
        -:  339:
       23:  340:            if (!IS_TCP(c->transport))
       16:  341:                continue;
        -:  342:
        7:  343:            if (c->state != conn_new_cmd && c->state != conn_read)
        5:  344:                continue;
        -:  345:
        2:  346:            if ((current_time - c->last_cmd_time) > settings.idle_timeout) {
        1:  347:                timeout_conn(c);
        -:  348:            } else {
        1:  349:                if (c->last_cmd_time < oldest_last_cmd)
        -:  350:                    oldest_last_cmd = c->last_cmd_time;
        -:  351:            }
        -:  352:        }
        -:  353:
        -:  354:        /* This is the soonest we could have another connection time out */
        4:  355:        sleep_time = settings.idle_timeout - (current_time - oldest_last_cmd) + 1;
        4:  356:        if (sleep_time <= 0)
        -:  357:            sleep_time = 1;
        -:  358:
        4:  359:        if (settings.verbose > 2)
    #####:  360:            fprintf(stderr,
        -:  361:                    "idle timeout thread finished pass, sleeping for %ds\n",
        -:  362:                    sleep_time);
        -:  363:
        4:  364:        struct timeval now;
        4:  365:        struct timespec to_sleep;
        4:  366:        gettimeofday(&now, NULL);
        4:  367:        to_sleep.tv_sec = now.tv_sec + sleep_time;
        4:  368:        to_sleep.tv_nsec = 0;
        -:  369:
        4:  370:        pthread_cond_timedwait(&conn_timeout_cond, &conn_timeout_lock, &to_sleep);
        -:  371:    }
        -:  372:
        1:  373:    mutex_unlock(&conn_timeout_lock);
        1:  374:    return NULL;
        -:  375:}
        -:  376:
        1:  377:static int start_conn_timeout_thread() {
        1:  378:    int ret;
        -:  379:
        1:  380:    if (settings.idle_timeout == 0)
        -:  381:        return -1;
        -:  382:
        1:  383:    do_run_conn_timeout_thread = 1;
        1:  384:    if ((ret = pthread_create(&conn_timeout_tid, NULL,
        -:  385:        conn_timeout_thread, NULL)) != 0) {
    #####:  386:        fprintf(stderr, "Can't create idle connection timeout thread: %s\n",
        -:  387:            strerror(ret));
    #####:  388:        return -1;
        -:  389:    }
        -:  390:
        -:  391:    return 0;
        -:  392:}
        -:  393:
      102:  394:int stop_conn_timeout_thread(void) {
      102:  395:    if (!do_run_conn_timeout_thread)
        -:  396:        return -1;
        1:  397:    mutex_lock(&conn_timeout_lock);
        1:  398:    do_run_conn_timeout_thread = 0;
        1:  399:    pthread_cond_signal(&conn_timeout_cond);
        1:  400:    mutex_unlock(&conn_timeout_lock);
        1:  401:    pthread_join(conn_timeout_tid, NULL);
        1:  402:    return 0;
        -:  403:}
        -:  404:
        -:  405:/*
        -:  406: * read buffer cache helper functions
        -:  407: */
   452252:  408:static void rbuf_release(conn *c) {
   452252:  409:    if (c->rbuf != NULL && c->rbytes == 0 && !IS_UDP(c->transport)) {
   448347:  410:        if (c->rbuf_malloced) {
        3:  411:            free(c->rbuf);
        3:  412:            c->rbuf_malloced = false;
        -:  413:        } else {
   448344:  414:            do_cache_free(c->thread->rbuf_cache, c->rbuf);
        -:  415:        }
   448347:  416:        c->rsize = 0;
   448347:  417:        c->rbuf = NULL;
   448347:  418:        c->rcurr = NULL;
        -:  419:    }
   452252:  420:}
        -:  421:
   452053:  422:static bool rbuf_alloc(conn *c) {
   452053:  423:    if (c->rbuf == NULL) {
   448347:  424:        c->rbuf = do_cache_alloc(c->thread->rbuf_cache);
   448347:  425:        if (!c->rbuf) {
    #####:  426:            THR_STATS_LOCK(c);
    #####:  427:            c->thread->stats.read_buf_oom++;
    #####:  428:            THR_STATS_UNLOCK(c);
    #####:  429:            return false;
        -:  430:        }
   448347:  431:        c->rsize = READ_BUFFER_SIZE;
   448347:  432:        c->rcurr = c->rbuf;
        -:  433:    }
        -:  434:    return true;
        -:  435:}
        -:  436:
        -:  437:// Just for handling huge ASCII multigets.
        -:  438:// The previous system was essentially the same; realloc'ing until big enough,
        -:  439:// then realloc'ing back down after the request finished.
        3:  440:bool rbuf_switch_to_malloc(conn *c) {
        -:  441:    // Might as well start with x2 and work from there.
        3:  442:    size_t size = c->rsize * 2;
        3:  443:    char *tmp = malloc(size);
        3:  444:    if (!tmp)
        -:  445:        return false;
        -:  446:
        3:  447:    memcpy(tmp, c->rcurr, c->rbytes);
        3:  448:    do_cache_free(c->thread->rbuf_cache, c->rbuf);
        -:  449:
        3:  450:    c->rcurr = c->rbuf = tmp;
        3:  451:    c->rsize = size;
        3:  452:    c->rbuf_malloced = true;
        3:  453:    return true;
        -:  454:}
        -:  455:
        -:  456:/*
        -:  457: * Initializes the connections array. We don't actually allocate connection
        -:  458: * structures until they're needed, so as to avoid wasting memory when the
        -:  459: * maximum connection count is much higher than the actual number of
        -:  460: * connections.
        -:  461: *
        -:  462: * This does end up wasting a few pointers' worth of memory for FDs that are
        -:  463: * used for things other than connections, but that's worth it in exchange for
        -:  464: * being able to directly index the conns array by FD.
        -:  465: */
      104:  466:static void conn_init(void) {
        -:  467:    /* We're unlikely to see an FD much higher than maxconns. */
      104:  468:    int next_fd = dup(1);
      104:  469:    if (next_fd < 0) {
    #####:  470:        perror("Failed to duplicate file descriptor\n");
    #####:  471:        exit(1);
        -:  472:    }
      104:  473:    int headroom = 10;      /* account for extra unexpected open FDs */
      104:  474:    struct rlimit rl;
        -:  475:
      104:  476:    max_fds = settings.maxconns + headroom + next_fd;
        -:  477:
        -:  478:    /* But if possible, get the actual highest FD we can possibly ever see. */
      104:  479:    if (getrlimit(RLIMIT_NOFILE, &rl) == 0) {
      104:  480:        max_fds = rl.rlim_max;
        -:  481:    } else {
    #####:  482:        fprintf(stderr, "Failed to query maximum file descriptor; "
        -:  483:                        "falling back to maxconns\n");
        -:  484:    }
        -:  485:
      104:  486:    close(next_fd);
        -:  487:
      104:  488:    if ((conns = calloc(max_fds, sizeof(conn *))) == NULL) {
    #####:  489:        fprintf(stderr, "Failed to allocate connection structures\n");
        -:  490:        /* This is unrecoverable so bail out early. */
    #####:  491:        exit(1);
        -:  492:    }
      104:  493:}
        -:  494:
     293*:  495:static const char *prot_text(enum protocol prot) {
     293*:  496:    char *rv = "unknown";
     293*:  497:    switch(prot) {
       2*:  498:        case ascii_prot:
       2*:  499:            rv = "ascii";
       2*:  500:            break;
       1*:  501:        case binary_prot:
       1*:  502:            rv = "binary";
       1*:  503:            break;
     290*:  504:        case negotiating_prot:
     290*:  505:            rv = "auto-negotiate";
     290*:  506:            break;
        -:  507:#ifdef PROXY
        -:  508:        case proxy_prot:
        -:  509:            rv = "proxy";
        -:  510:            break;
        -:  511:#endif
        -:  512:    }
     293*:  513:    return rv;
        -:  514:}
        -:  515:
        1:  516:void conn_close_idle(conn *c) {
        1:  517:    if (settings.idle_timeout > 0 &&
        1:  518:        (current_time - c->last_cmd_time) > settings.idle_timeout) {
        1:  519:        if (c->state != conn_new_cmd && c->state != conn_read) {
    #####:  520:            if (settings.verbose > 1)
    #####:  521:                fprintf(stderr,
        -:  522:                    "fd %d wants to timeout, but isn't in read state", c->sfd);
    #####:  523:            return;
        -:  524:        }
        -:  525:
        1:  526:        if (settings.verbose > 1)
    #####:  527:            fprintf(stderr, "Closing idle fd %d\n", c->sfd);
        -:  528:
        1:  529:        pthread_mutex_lock(&c->thread->stats.mutex);
        1:  530:        c->thread->stats.idle_kicks++;
        1:  531:        pthread_mutex_unlock(&c->thread->stats.mutex);
        -:  532:
        1:  533:        c->close_reason = IDLE_TIMEOUT_CLOSE;
        -:  534:
        1:  535:        conn_set_state(c, conn_closing);
        1:  536:        drive_machine(c);
        -:  537:    }
        -:  538:}
        -:  539:
        -:  540:/* bring conn back from a sidethread. could have had its event base moved. */
      394:  541:void conn_worker_readd(conn *c) {
      394:  542:    if (c->state == conn_io_queue) {
      383:  543:        c->io_queues_submitted--;
        -:  544:        // If we're still waiting for other queues to return, don't re-add the
        -:  545:        // connection yet.
      383:  546:        if (c->io_queues_submitted != 0) {
        -:  547:            return;
        -:  548:        }
        -:  549:    }
      394:  550:    c->ev_flags = EV_READ | EV_PERSIST;
      394:  551:    event_set(&c->event, c->sfd, c->ev_flags, event_handler, (void *)c);
      394:  552:    event_base_set(c->thread->base, &c->event);
        -:  553:
        -:  554:    // TODO: call conn_cleanup/fail/etc
      394:  555:    if (event_add(&c->event, 0) == -1) {
    #####:  556:        perror("event_add");
        -:  557:    }
        -:  558:
        -:  559:    // side thread wanted us to close immediately.
      394:  560:    if (c->state == conn_closing) {
        9:  561:        drive_machine(c);
        9:  562:        return;
      385:  563:    } else if (c->state == conn_io_queue) {
        -:  564:        // machine will know how to return based on secondary state.
      383:  565:        drive_machine(c);
        -:  566:    } else {
        2:  567:        conn_set_state(c, conn_new_cmd);
        -:  568:    }
        -:  569:}
        -:  570:
      468:  571:void thread_io_queue_add(LIBEVENT_THREAD *t, int type, void *ctx, io_queue_stack_cb cb, io_queue_stack_cb com_cb, io_queue_cb ret_cb, io_queue_cb fin_cb) {
      468:  572:    io_queue_cb_t *q = t->io_queues;
      496:  573:    while (q->type != IO_QUEUE_NONE) {
       28:  574:        q++;
        -:  575:    }
      468:  576:    q->type = type;
      468:  577:    q->ctx = ctx;
      468:  578:    q->submit_cb = cb;
      468:  579:    q->complete_cb = com_cb;
      468:  580:    q->finalize_cb = fin_cb;
      468:  581:    q->return_cb   = ret_cb;
      468:  582:    return;
        -:  583:}
        -:  584:
      161:  585:void conn_io_queue_setup(conn *c) {
      161:  586:    io_queue_cb_t *qcb = c->thread->io_queues;
      161:  587:    io_queue_t *q = c->io_queues;
      169:  588:    while (qcb->type != IO_QUEUE_NONE) {
        8:  589:        q->type = qcb->type;
        8:  590:        q->ctx = qcb->ctx;
        8:  591:        q->stack_ctx = NULL;
        8:  592:        q->count = 0;
        8:  593:        qcb++;
        8:  594:        q++;
        -:  595:    }
      161:  596:}
        -:  597:
        -:  598:// To be called from conn_release_items to ensure the stack ptrs are reset.
       27:  599:static void conn_io_queue_reset(conn *c) {
       29:  600:    for (io_queue_t *q = c->io_queues; q->type != IO_QUEUE_NONE; q++) {
       2*:  601:        assert(q->count == 0);
        2:  602:        q->stack_ctx = NULL;
        -:  603:    }
       27:  604:}
        -:  605:
     771*:  606:io_queue_cb_t *thread_io_queue_get(LIBEVENT_THREAD *t, int type) {
     771*:  607:    io_queue_cb_t *q = t->io_queues;
     771*:  608:    while (q->type != IO_QUEUE_NONE) {
     771*:  609:        if (q->type == type) {
    #####:  610:            return q;
        -:  611:        }
    #####:  612:        q++;
        -:  613:    }
        -:  614:    return NULL;
        -:  615:}
        -:  616:
      777:  617:io_queue_t *conn_io_queue_get(conn *c, int type) {
      777:  618:    io_queue_t *q = c->io_queues;
      777:  619:    while (q->type != IO_QUEUE_NONE) {
      777:  620:        if (q->type == type) {
      777:  621:            return q;
        -:  622:        }
    #####:  623:        q++;
        -:  624:    }
        -:  625:    return NULL;
        -:  626:}
        -:  627:
        -:  628:// called after returning to the main worker thread.
        -:  629:// users of the queue need to distinguish if the IO was actually consumed or
        -:  630:// not and handle appropriately.
      383:  631:static void conn_io_queue_complete(conn *c) {
      383:  632:    io_queue_t *q = c->io_queues;
      383:  633:    io_queue_cb_t *qcb = c->thread->io_queues;
      766:  634:    while (q->type != IO_QUEUE_NONE) {
      383:  635:        if (q->stack_ctx) {
      383:  636:            qcb->complete_cb(q);
        -:  637:        }
      383:  638:        qcb++;
      383:  639:        q++;
        -:  640:    }
      383:  641:}
        -:  642:
        -:  643:// called to return a single IO object to the original worker thread.
    #####:  644:void conn_io_queue_return(io_pending_t *io) {
    #####:  645:    io_queue_cb_t *q = thread_io_queue_get(io->thread, io->io_queue_type);
    #####:  646:    q->return_cb(io);
    #####:  647:    return;
        -:  648:}
        -:  649:
      266:  650:conn *conn_new(const int sfd, enum conn_states init_state,
        -:  651:                const int event_flags,
        -:  652:                const int read_buffer_size, enum network_transport transport,
        -:  653:                struct event_base *base, void *ssl, uint64_t conntag,
        -:  654:                enum protocol bproto) {
      266:  655:    conn *c;
        -:  656:
     266*:  657:    assert(sfd >= 0 && sfd < max_fds);
      266:  658:    c = conns[sfd];
        -:  659:
      266:  660:    if (NULL == c) {
      255:  661:        if (!(c = (conn *)calloc(1, sizeof(conn)))) {
    #####:  662:            STATS_LOCK();
    #####:  663:            stats.malloc_fails++;
    #####:  664:            STATS_UNLOCK();
    #####:  665:            fprintf(stderr, "Failed to allocate connection object\n");
    #####:  666:            return NULL;
        -:  667:        }
      255:  668:        MEMCACHED_CONN_CREATE(c);
      255:  669:        c->read = NULL;
      255:  670:        c->sendmsg = NULL;
      255:  671:        c->write = NULL;
      255:  672:        c->rbuf = NULL;
        -:  673:
      255:  674:        c->rsize = read_buffer_size;
        -:  675:
        -:  676:        // UDP connections use a persistent static buffer.
      255:  677:        if (c->rsize) {
      129:  678:            c->rbuf = (char *)malloc((size_t)c->rsize);
        -:  679:        }
        -:  680:
      255:  681:        if (c->rsize && c->rbuf == NULL) {
    #####:  682:            conn_free(c);
    #####:  683:            STATS_LOCK();
    #####:  684:            stats.malloc_fails++;
    #####:  685:            STATS_UNLOCK();
    #####:  686:            fprintf(stderr, "Failed to allocate buffers for connection\n");
    #####:  687:            return NULL;
        -:  688:        }
        -:  689:
        -:  690:
      255:  691:        STATS_LOCK();
      255:  692:        stats_state.conn_structs++;
      255:  693:        STATS_UNLOCK();
        -:  694:
      255:  695:        c->sfd = sfd;
      255:  696:        conns[sfd] = c;
        -:  697:    }
        -:  698:
      266:  699:    c->transport = transport;
      266:  700:    c->protocol = bproto;
      266:  701:    c->tag = conntag;
        -:  702:
        -:  703:    /* unix socket mode doesn't need this, so zeroed out.  but why
        -:  704:     * is this done for every command?  presumably for UDP
        -:  705:     * mode.  */
      266:  706:    if (!settings.socketpath) {
       56:  707:        c->request_addr_size = sizeof(c->request_addr);
        -:  708:    } else {
      210:  709:        c->request_addr_size = 0;
        -:  710:    }
        -:  711:
      266:  712:    if (transport == tcp_transport && init_state == conn_new_cmd) {
       20:  713:        if (getpeername(sfd, (struct sockaddr *) &c->request_addr,
        -:  714:                        &c->request_addr_size)) {
    #####:  715:            perror("getpeername");
    #####:  716:            memset(&c->request_addr, 0, sizeof(c->request_addr));
        -:  717:        }
        -:  718:    }
        -:  719:
      266:  720:    if (init_state == conn_new_cmd) {
      137:  721:        LOGGER_LOG(NULL, LOG_CONNEVENTS, LOGGER_CONNECTION_NEW, NULL,
        -:  722:                &c->request_addr, c->request_addr_size, c->transport, 0, sfd);
        -:  723:    }
        -:  724:
      266:  725:    if (settings.verbose > 1) {
        6:  726:        if (init_state == conn_listening) {
        6:  727:            fprintf(stderr, "<%d server listening (%s)\n", sfd,
        -:  728:                prot_text(c->protocol));
        3:  729:        } else if (IS_UDP(transport)) {
    #####:  730:            fprintf(stderr, "<%d server listening (udp)\n", sfd);
        3:  731:        } else if (c->protocol == negotiating_prot) {
        1:  732:            fprintf(stderr, "<%d new auto-negotiating client connection\n",
        -:  733:                    sfd);
        2:  734:        } else if (c->protocol == ascii_prot) {
        1:  735:            fprintf(stderr, "<%d new ascii client connection.\n", sfd);
        1:  736:        } else if (c->protocol == binary_prot) {
        1:  737:            fprintf(stderr, "<%d new binary client connection.\n", sfd);
        -:  738:#ifdef PROXY
        -:  739:        } else if (c->protocol == proxy_prot) {
        -:  740:            fprintf(stderr, "<%d new proxy client connection.\n", sfd);
        -:  741:#endif
        -:  742:        } else {
    #####:  743:            fprintf(stderr, "<%d new unknown (%d) client connection\n",
        -:  744:                sfd, c->protocol);
    #####:  745:            assert(false);
        -:  746:        }
        -:  747:    }
        -:  748:
        -:  749:#ifdef TLS
        -:  750:    c->ssl = NULL;
        -:  751:    c->ssl_wbuf = NULL;
        -:  752:    c->ssl_enabled = false;
        -:  753:#endif
      266:  754:    c->state = init_state;
      266:  755:    c->rlbytes = 0;
      266:  756:    c->cmd = -1;
      266:  757:    c->rbytes = 0;
      266:  758:    c->rcurr = c->rbuf;
      266:  759:    c->ritem = 0;
      266:  760:    c->rbuf_malloced = false;
      266:  761:    c->item_malloced = false;
      266:  762:    c->sasl_started = false;
      266:  763:    c->set_stale = false;
      266:  764:    c->mset_res = false;
      266:  765:    c->close_after_write = false;
      266:  766:    c->last_cmd_time = current_time; /* initialize for idle kicker */
        -:  767:    // wipe all queues.
      266:  768:    memset(c->io_queues, 0, sizeof(c->io_queues));
      266:  769:    c->io_queues_submitted = 0;
        -:  770:
      266:  771:    c->item = 0;
        -:  772:
      266:  773:    c->noreply = false;
        -:  774:
        -:  775:#ifdef TLS
        -:  776:    if (ssl) {
        -:  777:        c->ssl = (SSL*)ssl;
        -:  778:        c->read = ssl_read;
        -:  779:        c->sendmsg = ssl_sendmsg;
        -:  780:        c->write = ssl_write;
        -:  781:        c->ssl_enabled = true;
        -:  782:        SSL_set_info_callback(c->ssl, ssl_callback);
        -:  783:    } else
        -:  784:#else
        -:  785:    // This must be NULL if TLS is not enabled.
     266*:  786:    assert(ssl == NULL);
        -:  787:#endif
        -:  788:    {
      266:  789:        c->read = tcp_read;
      266:  790:        c->sendmsg = tcp_sendmsg;
      266:  791:        c->write = tcp_write;
        -:  792:    }
        -:  793:
      266:  794:    if (IS_UDP(transport)) {
       24:  795:        c->try_read_command = try_read_command_udp;
        -:  796:    } else {
      242:  797:        switch (c->protocol) {
        7:  798:            case ascii_prot:
        7:  799:                if (settings.auth_file == NULL) {
        4:  800:                    c->authenticated = true;
        4:  801:                    c->try_read_command = try_read_command_ascii;
        -:  802:                } else {
        3:  803:                    c->authenticated = false;
        3:  804:                    c->try_read_command = try_read_command_asciiauth;
        -:  805:                }
        -:  806:                break;
        6:  807:            case binary_prot:
        -:  808:                // binprot handles its own authentication via SASL parsing.
        6:  809:                c->authenticated = false;
        6:  810:                c->try_read_command = try_read_command_binary;
        6:  811:                break;
      229:  812:            case negotiating_prot:
      229:  813:                c->try_read_command = try_read_command_negotiate;
      229:  814:                break;
        -:  815:#ifdef PROXY
        -:  816:            case proxy_prot:
        -:  817:                c->try_read_command = try_read_command_proxy;
        -:  818:                break;
        -:  819:#endif
        -:  820:        }
        -:  821:    }
        -:  822:
      266:  823:    event_set(&c->event, sfd, event_flags, event_handler, (void *)c);
      266:  824:    event_base_set(base, &c->event);
      266:  825:    c->ev_flags = event_flags;
        -:  826:
      266:  827:    if (event_add(&c->event, 0) == -1) {
    #####:  828:        perror("event_add");
    #####:  829:        return NULL;
        -:  830:    }
        -:  831:
      266:  832:    STATS_LOCK();
      266:  833:    stats_state.curr_conns++;
      266:  834:    stats.total_conns++;
      266:  835:    STATS_UNLOCK();
        -:  836:
      266:  837:    MEMCACHED_CONN_ALLOCATE(c->sfd);
        -:  838:
      266:  839:    return c;
        -:  840:}
        -:  841:
   460198:  842:void conn_release_items(conn *c) {
  460198*:  843:    assert(c != NULL);
        -:  844:
   460198:  845:    if (c->item) {
        2:  846:        if (c->item_malloced) {
    #####:  847:            free(c->item);
    #####:  848:            c->item_malloced = false;
        -:  849:        } else {
        2:  850:            item_remove(c->item);
        -:  851:        }
        2:  852:        c->item = 0;
        -:  853:    }
        -:  854:
        -:  855:    // Cull any unsent responses.
   460198:  856:    if (c->resp_head) {
        -:  857:        mc_resp *resp = c->resp_head;
        -:  858:        // r_f() handles the chain maintenance.
      120:  859:        while (resp) {
        -:  860:            // temporary by default. hide behind a debug flag in the future:
        -:  861:            // double free detection. Transmit loops can drop out early, but
        -:  862:            // here we could infinite loop.
       93:  863:            if (resp->free) {
    #####:  864:                fprintf(stderr, "ERROR: double free detected during conn_release_items(): [%d] [%s]\n",
    #####:  865:                        c->sfd, c->protocol == binary_prot ? "binary" : "ascii");
        -:  866:                // Since this is a critical failure, just leak the memory.
        -:  867:                // If these errors are seen, an abort() can be used instead.
    #####:  868:                c->resp_head = NULL;
    #####:  869:                c->resp = NULL;
    #####:  870:                break;
        -:  871:            }
       93:  872:            resp = resp_finish(c, resp);
        -:  873:        }
       27:  874:        conn_io_queue_reset(c);
        -:  875:    }
   460198:  876:}
        -:  877:
      266:  878:static void conn_cleanup(conn *c) {
     266*:  879:    assert(c != NULL);
        -:  880:
      266:  881:    conn_release_items(c);
        -:  882:#ifdef PROXY
        -:  883:    if (c->proxy_coro_ref) {
        -:  884:        proxy_cleanup_conn(c);
        -:  885:    }
        -:  886:#endif
      266:  887:    if (c->sasl_conn) {
    #####:  888:        assert(settings.sasl);
    #####:  889:        sasl_dispose(&c->sasl_conn);
    #####:  890:        c->sasl_conn = NULL;
        -:  891:    }
        -:  892:
      266:  893:    if (IS_UDP(c->transport)) {
       24:  894:        conn_set_state(c, conn_read);
        -:  895:    }
      266:  896:}
        -:  897:
        -:  898:/*
        -:  899: * Frees a connection.
        -:  900: */
    #####:  901:void conn_free(conn *c) {
    #####:  902:    if (c) {
    #####:  903:        assert(c != NULL);
    #####:  904:        assert(c->sfd >= 0 && c->sfd < max_fds);
        -:  905:
    #####:  906:        MEMCACHED_CONN_DESTROY(c);
    #####:  907:        conns[c->sfd] = NULL;
    #####:  908:        if (c->rbuf)
    #####:  909:            free(c->rbuf);
        -:  910:#ifdef TLS
        -:  911:        if (c->ssl_wbuf)
        -:  912:            c->ssl_wbuf = NULL;
        -:  913:#endif
        -:  914:
    #####:  915:        free(c);
        -:  916:    }
    #####:  917:}
        -:  918:
      266:  919:static void conn_close(conn *c) {
     266*:  920:    assert(c != NULL);
        -:  921:
      266:  922:    if (c->thread) {
     161*:  923:        LOGGER_LOG(c->thread->l, LOG_CONNEVENTS, LOGGER_CONNECTION_CLOSE, NULL,
        -:  924:                &c->request_addr, c->request_addr_size, c->transport,
        -:  925:                c->close_reason, c->sfd);
        -:  926:    }
        -:  927:
        -:  928:    /* delete the event, the socket and the conn */
      266:  929:    event_del(&c->event);
        -:  930:
      266:  931:    if (settings.verbose > 1)
        6:  932:        fprintf(stderr, "<%d connection closed.\n", c->sfd);
        -:  933:
      266:  934:    conn_cleanup(c);
        -:  935:
        -:  936:    // force release of read buffer.
      266:  937:    if (c->thread) {
      161:  938:        c->rbytes = 0;
      161:  939:        rbuf_release(c);
        -:  940:    }
        -:  941:
      266:  942:    MEMCACHED_CONN_RELEASE(c->sfd);
      266:  943:    conn_set_state(c, conn_closed);
        -:  944:#ifdef TLS
        -:  945:    if (c->ssl) {
        -:  946:        SSL_shutdown(c->ssl);
        -:  947:        SSL_free(c->ssl);
        -:  948:    }
        -:  949:#endif
      266:  950:    close(c->sfd);
      266:  951:    c->close_reason = 0;
      266:  952:    pthread_mutex_lock(&conn_lock);
      266:  953:    allow_new_conns = true;
      266:  954:    pthread_mutex_unlock(&conn_lock);
        -:  955:
      266:  956:    STATS_LOCK();
      266:  957:    stats_state.curr_conns--;
      266:  958:    STATS_UNLOCK();
        -:  959:
      266:  960:    return;
        -:  961:}
        -:  962:
        -:  963:// Since some connections might be off on side threads and some are managed as
        -:  964:// listeners we need to walk through them all from a central point.
        -:  965:// Must be called with all worker threads hung or in the process of closing.
      102:  966:void conn_close_all(void) {
      102:  967:    int i;
   104550:  968:    for (i = 0; i < max_fds; i++) {
   104448:  969:        if (conns[i] && conns[i]->state != conn_closed) {
      136:  970:            conn_close(conns[i]);
        -:  971:        }
        -:  972:    }
      102:  973:}
        -:  974:
        -:  975:/**
        -:  976: * Convert a state name to a human readable form.
        -:  977: */
       16:  978:static const char *state_text(enum conn_states state) {
       16:  979:    const char* const statenames[] = { "conn_listening",
        -:  980:                                       "conn_new_cmd",
        -:  981:                                       "conn_waiting",
        -:  982:                                       "conn_read",
        -:  983:                                       "conn_parse_cmd",
        -:  984:                                       "conn_write",
        -:  985:                                       "conn_nread",
        -:  986:                                       "conn_swallow",
        -:  987:                                       "conn_closing",
        -:  988:                                       "conn_mwrite",
        -:  989:                                       "conn_closed",
        -:  990:                                       "conn_watch",
        -:  991:                                       "conn_io_queue" };
       16:  992:    return statenames[state];
        -:  993:}
        -:  994:
        -:  995:/*
        -:  996: * Sets a connection's current state in the state machine. Any special
        -:  997: * processing that needs to happen on certain state transitions can
        -:  998: * happen here.
        -:  999: */
  3230137: 1000:void conn_set_state(conn *c, enum conn_states state) {
 3230137*: 1001:    assert(c != NULL);
 3230137*: 1002:    assert(state >= conn_listening && state < conn_max_state);
        -: 1003:
  3230137: 1004:    if (state != c->state) {
  3230112: 1005:        if (settings.verbose > 2) {
    #####: 1006:            fprintf(stderr, "%d: going from %s to %s\n",
        -: 1007:                    c->sfd, state_text(c->state),
        -: 1008:                    state_text(state));
        -: 1009:        }
        -: 1010:
  3230112: 1011:        if (state == conn_write || state == conn_mwrite) {
  3230112: 1012:            MEMCACHED_PROCESS_COMMAND_END(c->sfd, c->resp->wbuf, c->resp->wbytes);
        -: 1013:        }
  3230112: 1014:        c->state = state;
        -: 1015:    }
  3230137: 1016:}
        -: 1017:
        -: 1018:/*
        -: 1019: * response object helper functions
        -: 1020: */
   460026: 1021:void resp_reset(mc_resp *resp) {
   460026: 1022:    if (resp->item) {
    #####: 1023:        item_remove(resp->item);
    #####: 1024:        resp->item = NULL;
        -: 1025:    }
   460026: 1026:    if (resp->write_and_free) {
    #####: 1027:        free(resp->write_and_free);
    #####: 1028:        resp->write_and_free = NULL;
        -: 1029:    }
   460026: 1030:    resp->wbytes = 0;
   460026: 1031:    resp->tosend = 0;
   460026: 1032:    resp->iovcnt = 0;
   460026: 1033:    resp->chunked_data_iov = 0;
   460026: 1034:    resp->chunked_total = 0;
   460026: 1035:    resp->skip = false;
   460026: 1036:}
        -: 1037:
   527133: 1038:void resp_add_iov(mc_resp *resp, const void *buf, int len) {
  527133*: 1039:    assert(resp->iovcnt < MC_RESP_IOVCOUNT);
   527133: 1040:    int x = resp->iovcnt;
   527133: 1041:    resp->iov[x].iov_base = (void *)buf;
   527133: 1042:    resp->iov[x].iov_len = len;
   527133: 1043:    resp->iovcnt++;
   527133: 1044:    resp->tosend += len;
   527133: 1045:}
        -: 1046:
        -: 1047:// Notes that an IOV should be handled as a chunked item header.
        -: 1048:// TODO: I'm hoping this isn't a permanent abstraction while I learn what the
        -: 1049:// API should be.
    18975: 1050:void resp_add_chunked_iov(mc_resp *resp, const void *buf, int len) {
    18975: 1051:    resp->chunked_data_iov = resp->iovcnt;
    18975: 1052:    resp->chunked_total = len;
    18975: 1053:    resp_add_iov(resp, buf, len);
    18975: 1054:}
        -: 1055:
        -: 1056:// resp_allocate and resp_free are a wrapper around read buffers which makes
        -: 1057:// read buffers the only network memory to track.
        -: 1058:// Normally this would be too excessive. In this case it allows end users to
        -: 1059:// track a single memory limit for ephemeral connection buffers.
        -: 1060:// Fancy bit twiddling tricks are avoided to help keep this straightforward.
   613960: 1061:static mc_resp* resp_allocate(conn *c) {
   613960: 1062:    LIBEVENT_THREAD *th = c->thread;
   613960: 1063:    mc_resp *resp = NULL;
   613960: 1064:    mc_resp_bundle *b = th->open_bundle;
        -: 1065:
   613960: 1066:    if (b != NULL) {
  607569*: 1067:        for (int i = 0; i < MAX_RESP_PER_BUNDLE; i++) {
        -: 1068:            // loop around starting from the most likely to be free
   607569: 1069:            int x = (i + b->next_check) % MAX_RESP_PER_BUNDLE;
   607569: 1070:            if (b->r[x].free) {
   607569: 1071:                resp = &b->r[x];
   607569: 1072:                b->next_check = x+1;
   607569: 1073:                break;
        -: 1074:            }
        -: 1075:        }
        -: 1076:
   607569: 1077:        if (resp != NULL) {
   607569: 1078:            b->refcount++;
   607569: 1079:            resp->free = false;
   607569: 1080:            if (b->refcount == MAX_RESP_PER_BUNDLE) {
    6280*: 1081:                assert(b->prev == NULL);
        -: 1082:                // We only allocate off the head. Assign new head.
     6280: 1083:                th->open_bundle = b->next;
        -: 1084:                // Remove ourselves from the list.
     6280: 1085:                if (b->next) {
    #####: 1086:                    b->next->prev = 0;
    #####: 1087:                    b->next = 0;
        -: 1088:                }
        -: 1089:            }
        -: 1090:        }
        -: 1091:    }
        -: 1092:
   607569: 1093:    if (resp == NULL) {
    6391*: 1094:        assert(th->open_bundle == NULL);
     6391: 1095:        b = do_cache_alloc(th->rbuf_cache);
     6391: 1096:        if (b) {
     6389: 1097:            THR_STATS_LOCK(c);
     6389: 1098:            c->thread->stats.response_obj_bytes += READ_BUFFER_SIZE;
     6389: 1099:            THR_STATS_UNLOCK(c);
     6389: 1100:            b->next_check = 1;
     6389: 1101:            b->refcount = 1;
    89446: 1102:            for (int i = 0; i < MAX_RESP_PER_BUNDLE; i++) {
    83057: 1103:                b->r[i].bundle = b;
    83057: 1104:                b->r[i].free = true;
        -: 1105:            }
     6389: 1106:            b->next = 0;
     6389: 1107:            b->prev = 0;
     6389: 1108:            th->open_bundle = b;
     6389: 1109:            resp = &b->r[0];
     6389: 1110:            resp->free = false;
        -: 1111:        } else {
        -: 1112:            return NULL;
        -: 1113:        }
        -: 1114:    }
        -: 1115:
        -: 1116:    return resp;
        -: 1117:}
        -: 1118:
   613958: 1119:static void resp_free(conn *c, mc_resp *resp) {
   613958: 1120:    LIBEVENT_THREAD *th = c->thread;
   613958: 1121:    mc_resp_bundle *b = resp->bundle;
        -: 1122:
   613958: 1123:    resp->free = true;
   613958: 1124:    b->refcount--;
   613958: 1125:    if (b->refcount == 0) {
   466221: 1126:        if (b == th->open_bundle && b->next == 0) {
        -: 1127:            // This is the final bundle. Just hold and reuse to skip init loop
  459953*: 1128:            assert(b->prev == 0);
   459953: 1129:            b->next_check = 0;
        -: 1130:        } else {
        -: 1131:            // Assert that we're either in the list or at the head.
    6268*: 1132:            assert((b->next || b->prev) || b == th->open_bundle);
        -: 1133:
        -: 1134:            // unlink from list.
     6268: 1135:            mc_resp_bundle **head = &th->open_bundle;
     6268: 1136:            if (*head == b) *head = b->next;
        -: 1137:            // Not tracking the tail.
    6268*: 1138:            assert(b->next != b && b->prev != b);
        -: 1139:
     6268: 1140:            if (b->next) b->next->prev = b->prev;
    6268*: 1141:            if (b->prev) b->prev->next = b->next;
        -: 1142:
        -: 1143:            // Now completely done with this buffer.
     6268: 1144:            do_cache_free(th->rbuf_cache, b);
     6268: 1145:            THR_STATS_LOCK(c);
     6268: 1146:            c->thread->stats.response_obj_bytes -= READ_BUFFER_SIZE;
     6268: 1147:            THR_STATS_UNLOCK(c);
        -: 1148:        }
        -: 1149:    } else {
   147737: 1150:        mc_resp_bundle **head = &th->open_bundle;
        -: 1151:        // NOTE: since we're not tracking tail, latest free ends up in head.
   147737: 1152:        if (b == th->open_bundle || (b->prev || b->next)) {
        -: 1153:            // If we're already linked, leave it in place to save CPU.
        -: 1154:        } else {
        -: 1155:            // Non-zero refcount, need to link into the freelist.
     6280: 1156:            b->prev = 0;
     6280: 1157:            b->next = *head;
     6280: 1158:            if (b->next) b->next->prev = b;
     6280: 1159:            *head = b;
        -: 1160:        }
        -: 1161:
        -: 1162:    }
   613958: 1163:}
        -: 1164:
   613960: 1165:bool resp_start(conn *c) {
   613960: 1166:    mc_resp *resp = resp_allocate(c);
   613960: 1167:    if (!resp) {
        2: 1168:        THR_STATS_LOCK(c);
        2: 1169:        c->thread->stats.response_obj_oom++;
        2: 1170:        THR_STATS_UNLOCK(c);
        2: 1171:        return false;
        -: 1172:    }
        -: 1173:    // handling the stats counters here to simplify testing
   613958: 1174:    THR_STATS_LOCK(c);
   613958: 1175:    c->thread->stats.response_obj_count++;
   613958: 1176:    THR_STATS_UNLOCK(c);
        -: 1177:    // Skip zeroing the bundle pointer at the start.
        -: 1178:    // TODO: this line is here temporarily to make the code easy to disable.
        -: 1179:    // when it's more mature, move the memset into resp_allocate() and have it
        -: 1180:    // set the bundle pointer on allocate so this line isn't as complex.
   613958: 1181:    memset((char *)resp + sizeof(mc_resp_bundle*), 0, sizeof(*resp) - sizeof(mc_resp_bundle*));
        -: 1182:    // TODO: this next line works. memset _does_ show up significantly under
        -: 1183:    // perf reports due to zeroing out the entire resp->wbuf. before swapping
        -: 1184:    // the lines more validation work should be done to ensure wbuf's aren't
        -: 1185:    // accidentally reused without being written to.
        -: 1186:    //memset((char *)resp + sizeof(mc_resp_bundle*), 0, offsetof(mc_resp, wbuf));
   613958: 1187:    if (!c->resp_head) {
   459955: 1188:        c->resp_head = resp;
        -: 1189:    }
   613958: 1190:    if (!c->resp) {
   459955: 1191:        c->resp = resp;
        -: 1192:    } else {
   154003: 1193:        c->resp->next = resp;
   154003: 1194:        c->resp = resp;
        -: 1195:    }
   613958: 1196:    if (IS_UDP(c->transport)) {
        -: 1197:        // need to hold on to some data for async responses.
       18: 1198:        c->resp->request_id = c->request_id;
       18: 1199:        c->resp->request_addr = c->request_addr;
       18: 1200:        c->resp->request_addr_size = c->request_addr_size;
        -: 1201:    }
        -: 1202:    return true;
        -: 1203:}
        -: 1204:
        -: 1205:// returns next response in chain.
   613958: 1206:mc_resp* resp_finish(conn *c, mc_resp *resp) {
   613958: 1207:    mc_resp *next = resp->next;
   613958: 1208:    if (resp->item) {
        -: 1209:        // TODO: cache hash value in resp obj?
    55029: 1210:        item_remove(resp->item);
    55029: 1211:        resp->item = NULL;
        -: 1212:    }
   613958: 1213:    if (resp->write_and_free) {
     1629: 1214:        free(resp->write_and_free);
        -: 1215:    }
   613958: 1216:    if (resp->io_pending) {
        -: 1217:        // If we had a pending IO, tell it to internally clean up then return
        -: 1218:        // the main object back to our thread cache.
      388: 1219:        io_queue_cb_t *qcb = thread_io_queue_get(c->thread, resp->io_pending->io_queue_type);
      388: 1220:        qcb->finalize_cb(resp->io_pending);
      388: 1221:        do_cache_free(c->thread->io_cache, resp->io_pending);
      388: 1222:        resp->io_pending = NULL;
        -: 1223:    }
   613958: 1224:    if (c->resp_head == resp) {
   613958: 1225:        c->resp_head = next;
        -: 1226:    }
   613958: 1227:    if (c->resp == resp) {
   459955: 1228:        c->resp = NULL;
        -: 1229:    }
   613958: 1230:    resp_free(c, resp);
   613958: 1231:    THR_STATS_LOCK(c);
   613958: 1232:    c->thread->stats.response_obj_count--;
   613958: 1233:    THR_STATS_UNLOCK(c);
   613958: 1234:    return next;
        -: 1235:}
        -: 1236:
        -: 1237:// tells if connection has a depth of response objects to process.
       13: 1238:bool resp_has_stack(conn *c) {
       13: 1239:    return c->resp_head->next != NULL ? true : false;
        -: 1240:}
        -: 1241:
   445076: 1242:void out_string(conn *c, const char *str) {
   445076: 1243:    size_t len;
  445076*: 1244:    assert(c != NULL);
   445076: 1245:    mc_resp *resp = c->resp;
        -: 1246:
        -: 1247:    // if response was original filled with something, but we're now writing
        -: 1248:    // out an error or similar, have to reset the object first.
        -: 1249:    // TODO: since this is often redundant with allocation, how many callers
        -: 1250:    // are actually requiring it be reset? Can we fast test by just looking at
        -: 1251:    // tosend and reset if nonzero?
   445076: 1252:    resp_reset(resp);
        -: 1253:
   445076: 1254:    if (c->noreply) {
        -: 1255:        // TODO: just invalidate the response since nothing's been attempted
        -: 1256:        // to send yet?
   162854: 1257:        resp->skip = true;
   162854: 1258:        if (settings.verbose > 1)
    #####: 1259:            fprintf(stderr, ">%d NOREPLY %s\n", c->sfd, str);
   162854: 1260:        conn_set_state(c, conn_new_cmd);
   162854: 1261:        return;
        -: 1262:    }
        -: 1263:
   282222: 1264:    if (settings.verbose > 1)
    #####: 1265:        fprintf(stderr, ">%d %s\n", c->sfd, str);
        -: 1266:
        -: 1267:    // Fill response object with static string.
        -: 1268:
   282222: 1269:    len = strlen(str);
   282222: 1270:    if ((len + 2) > WRITE_BUFFER_SIZE) {
        -: 1271:        /* ought to be always enough. just fail for simplicity */
    #####: 1272:        str = "SERVER_ERROR output line too long";
    #####: 1273:        len = strlen(str);
        -: 1274:    }
        -: 1275:
   282222: 1276:    memcpy(resp->wbuf, str, len);
   282222: 1277:    memcpy(resp->wbuf + len, "\r\n", 2);
   282222: 1278:    resp_add_iov(resp, resp->wbuf, len + 2);
        -: 1279:
   282222: 1280:    conn_set_state(c, conn_new_cmd);
   282222: 1281:    return;
        -: 1282:}
        -: 1283:
        -: 1284:// For metaget-style ASCII commands. Ignores noreply, ensuring clients see
        -: 1285:// protocol level errors.
        4: 1286:void out_errstring(conn *c, const char *str) {
        4: 1287:    c->noreply = false;
        4: 1288:    out_string(c, str);
        4: 1289:}
        -: 1290:
        -: 1291:/*
        -: 1292: * Outputs a protocol-specific "out of memory" error. For ASCII clients,
        -: 1293: * this is equivalent to out_string().
        -: 1294: */
        7: 1295:void out_of_memory(conn *c, char *ascii_error) {
        7: 1296:    const static char error_prefix[] = "SERVER_ERROR ";
        7: 1297:    const static int error_prefix_len = sizeof(error_prefix) - 1;
        -: 1298:
        7: 1299:    if (c->protocol == binary_prot) {
        -: 1300:        /* Strip off the generic error prefix; it's irrelevant in binary */
    #####: 1301:        if (!strncmp(ascii_error, error_prefix, error_prefix_len)) {
    #####: 1302:            ascii_error += error_prefix_len;
        -: 1303:        }
    #####: 1304:        write_bin_error(c, PROTOCOL_BINARY_RESPONSE_ENOMEM, ascii_error, 0);
        -: 1305:    } else {
        7: 1306:        out_string(c, ascii_error);
        -: 1307:    }
        7: 1308:}
        -: 1309:
     2562: 1310:static void append_bin_stats(const char *key, const uint16_t klen,
        -: 1311:                             const char *val, const uint32_t vlen,
        -: 1312:                             conn *c) {
     2562: 1313:    char *buf = c->stats.buffer + c->stats.offset;
     2562: 1314:    uint32_t bodylen = klen + vlen;
     2562: 1315:    protocol_binary_response_header header = {
        -: 1316:        .response.magic = (uint8_t)PROTOCOL_BINARY_RES,
        -: 1317:        .response.opcode = PROTOCOL_BINARY_CMD_STAT,
     2562: 1318:        .response.keylen = (uint16_t)htons(klen),
        -: 1319:        .response.datatype = (uint8_t)PROTOCOL_BINARY_RAW_BYTES,
     2562: 1320:        .response.bodylen = htonl(bodylen),
     2562: 1321:        .response.opaque = c->opaque
        -: 1322:    };
        -: 1323:
     2562: 1324:    memcpy(buf, header.bytes, sizeof(header.response));
     2562: 1325:    buf += sizeof(header.response);
        -: 1326:
     2562: 1327:    if (klen > 0) {
     2526: 1328:        memcpy(buf, key, klen);
     2526: 1329:        buf += klen;
        -: 1330:
     2526: 1331:        if (vlen > 0) {
     2526: 1332:            memcpy(buf, val, vlen);
        -: 1333:        }
        -: 1334:    }
        -: 1335:
     2562: 1336:    c->stats.offset += sizeof(header.response) + bodylen;
     2562: 1337:}
        -: 1338:
   140854: 1339:static void append_ascii_stats(const char *key, const uint16_t klen,
        -: 1340:                               const char *val, const uint32_t vlen,
        -: 1341:                               conn *c) {
   140854: 1342:    char *pos = c->stats.buffer + c->stats.offset;
   140854: 1343:    uint32_t nbytes = 0;
   140854: 1344:    int remaining = c->stats.size - c->stats.offset;
   140854: 1345:    int room = remaining - 1;
        -: 1346:
   140854: 1347:    if (klen == 0 && vlen == 0) {
     1583: 1348:        nbytes = snprintf(pos, room, "END\r\n");
   139271: 1349:    } else if (vlen == 0) {
    #####: 1350:        nbytes = snprintf(pos, room, "STAT %s\r\n", key);
        -: 1351:    } else {
   139271: 1352:        nbytes = snprintf(pos, room, "STAT %s %s\r\n", key, val);
        -: 1353:    }
        -: 1354:
   140854: 1355:    c->stats.offset += nbytes;
   140854: 1356:}
        -: 1357:
   143416: 1358:static bool grow_stats_buf(conn *c, size_t needed) {
   143416: 1359:    size_t nsize = c->stats.size;
   143416: 1360:    size_t available = nsize - c->stats.offset;
   143416: 1361:    bool rv = true;
        -: 1362:
        -: 1363:    /* Special case: No buffer -- need to allocate fresh */
   143416: 1364:    if (c->stats.buffer == NULL) {
     1619: 1365:        nsize = 1024;
     1619: 1366:        available = c->stats.size = c->stats.offset = 0;
        -: 1367:    }
        -: 1368:
   146496: 1369:    while (needed > available) {
    3080*: 1370:        assert(nsize > 0);
     3080: 1371:        nsize = nsize << 1;
     3080: 1372:        available = nsize - c->stats.offset;
        -: 1373:    }
        -: 1374:
   143416: 1375:    if (nsize != c->stats.size) {
     3080: 1376:        char *ptr = realloc(c->stats.buffer, nsize);
     3080: 1377:        if (ptr) {
     3080: 1378:            c->stats.buffer = ptr;
     3080: 1379:            c->stats.size = nsize;
        -: 1380:        } else {
    #####: 1381:            STATS_LOCK();
    #####: 1382:            stats.malloc_fails++;
    #####: 1383:            STATS_UNLOCK();
    #####: 1384:            rv = false;
        -: 1385:        }
        -: 1386:    }
        -: 1387:
   143416: 1388:    return rv;
        -: 1389:}
        -: 1390:
   143416: 1391:void append_stats(const char *key, const uint16_t klen,
        -: 1392:                  const char *val, const uint32_t vlen,
        -: 1393:                  const void *cookie)
        -: 1394:{
        -: 1395:    /* value without a key is invalid */
   143416: 1396:    if (klen == 0 && vlen > 0) {
        -: 1397:        return;
        -: 1398:    }
        -: 1399:
   143416: 1400:    conn *c = (conn*)cookie;
        -: 1401:
   143416: 1402:    if (c->protocol == binary_prot) {
     2562: 1403:        size_t needed = vlen + klen + sizeof(protocol_binary_response_header);
     2562: 1404:        if (!grow_stats_buf(c, needed)) {
        -: 1405:            return;
        -: 1406:        }
     2562: 1407:        append_bin_stats(key, klen, val, vlen, c);
        -: 1408:    } else {
   140854: 1409:        size_t needed = vlen + klen + 10; // 10 == "STAT = \r\n"
   140854: 1410:        if (!grow_stats_buf(c, needed)) {
        -: 1411:            return;
        -: 1412:        }
   140854: 1413:        append_ascii_stats(key, klen, val, vlen, c);
        -: 1414:    }
        -: 1415:
  143416*: 1416:    assert(c->stats.offset <= c->stats.size);
        -: 1417:}
        -: 1418:
   932486: 1419:static void reset_cmd_handler(conn *c) {
   932486: 1420:    c->cmd = -1;
   932486: 1421:    c->substate = bin_no_state;
   932486: 1422:    if (c->item != NULL) {
        -: 1423:        // TODO: Any other way to get here?
        -: 1424:        // SASL auth was mistakenly using it. Nothing else should?
    #####: 1425:        if (c->item_malloced) {
    #####: 1426:            free(c->item);
    #####: 1427:            c->item_malloced = false;
        -: 1428:        } else {
    #####: 1429:            item_remove(c->item);
        -: 1430:        }
    #####: 1431:        c->item = NULL;
        -: 1432:    }
   932486: 1433:    if (c->rbytes > 0) {
   149891: 1434:        conn_set_state(c, conn_parse_cmd);
   782595: 1435:    } else if (c->resp_head) {
   334223: 1436:        conn_set_state(c, conn_mwrite);
        -: 1437:    } else {
   448372: 1438:        conn_set_state(c, conn_waiting);
        -: 1439:    }
   932486: 1440:}
        -: 1441:
   325878: 1442:static void complete_nread(conn *c) {
  325878*: 1443:    assert(c != NULL);
        -: 1444:#ifdef PROXY
        -: 1445:    assert(c->protocol == ascii_prot
        -: 1446:           || c->protocol == binary_prot
        -: 1447:           || c->protocol == proxy_prot);
        -: 1448:#else
  325878*: 1449:    assert(c->protocol == ascii_prot
        -: 1450:           || c->protocol == binary_prot);
        -: 1451:#endif
   325878: 1452:    if (c->protocol == ascii_prot) {
   301552: 1453:        complete_nread_ascii(c);
    24326: 1454:    } else if (c->protocol == binary_prot) {
    24326: 1455:        complete_nread_binary(c);
        -: 1456:#ifdef PROXY
        -: 1457:    } else if (c->protocol == proxy_prot) {
        -: 1458:        complete_nread_proxy(c);
        -: 1459:#endif
        -: 1460:    }
   325878: 1461:}
        -: 1462:
        -: 1463:/* Destination must always be chunked */
        -: 1464:/* This should be part of item.c */
    27032: 1465:static int _store_item_copy_chunks(item *d_it, item *s_it, const int len) {
    27032: 1466:    item_chunk *dch = (item_chunk *) ITEM_schunk(d_it);
        -: 1467:    /* Advance dch until we find free space */
    77099: 1468:    while (dch->size == dch->used) {
    77099: 1469:        if (dch->next) {
        -: 1470:            dch = dch->next;
        -: 1471:        } else {
        -: 1472:            break;
        -: 1473:        }
        -: 1474:    }
        -: 1475:
    27032: 1476:    if (s_it->it_flags & ITEM_CHUNKED) {
    13516: 1477:        int remain = len;
    13516: 1478:        item_chunk *sch = (item_chunk *) ITEM_schunk(s_it);
    13516: 1479:        int copied = 0;
        -: 1480:        /* Fills dch's to capacity, not straight copy sch in case data is
        -: 1481:         * being added or removed (ie append/prepend)
        -: 1482:         */
   136671: 1483:        while (sch && dch && remain) {
  123155*: 1484:            assert(dch->used <= dch->size);
   123155: 1485:            int todo = (dch->size - dch->used < sch->used - copied)
        -: 1486:                ? dch->size - dch->used : sch->used - copied;
   123155: 1487:            if (remain < todo)
        -: 1488:                todo = remain;
   123155: 1489:            memcpy(dch->data + dch->used, sch->data + copied, todo);
   123155: 1490:            dch->used += todo;
   123155: 1491:            copied += todo;
   123155: 1492:            remain -= todo;
  123155*: 1493:            assert(dch->used <= dch->size);
   123155: 1494:            if (dch->size == dch->used) {
    73103: 1495:                item_chunk *tch = do_item_alloc_chunk(dch, remain);
    73103: 1496:                if (tch) {
        -: 1497:                    dch = tch;
        -: 1498:                } else {
        -: 1499:                    return -1;
        -: 1500:                }
        -: 1501:            }
  123155*: 1502:            assert(copied <= sch->used);
   123155: 1503:            if (copied == sch->used) {
    93361: 1504:                copied = 0;
    93361: 1505:                sch = sch->next;
        -: 1506:            }
        -: 1507:        }
        -: 1508:        /* assert that the destination had enough space for the source */
   13516*: 1509:        assert(remain == 0);
        -: 1510:    } else {
        -: 1511:        int done = 0;
        -: 1512:        /* Fill dch's via a non-chunked item. */
    40548: 1513:        while (len > done && dch) {
    27032: 1514:            int todo = (dch->size - dch->used < len - done)
        -: 1515:                ? dch->size - dch->used : len - done;
        -: 1516:            //assert(dch->size - dch->used != 0);
    27032: 1517:            memcpy(dch->data + dch->used, ITEM_data(s_it) + done, todo);
    27032: 1518:            done += todo;
    27032: 1519:            dch->used += todo;
   27032*: 1520:            assert(dch->used <= dch->size);
    27032: 1521:            if (dch->size == dch->used) {
    27032: 1522:                item_chunk *tch = do_item_alloc_chunk(dch, len - done);
    27032: 1523:                if (tch) {
        -: 1524:                    dch = tch;
        -: 1525:                } else {
        -: 1526:                    return -1;
        -: 1527:                }
        -: 1528:            }
        -: 1529:        }
   13516*: 1530:        assert(len == done);
        -: 1531:    }
        -: 1532:    return 0;
        -: 1533:}
        -: 1534:
    16014: 1535:static int _store_item_copy_data(int comm, item *old_it, item *new_it, item *add_it) {
    16014: 1536:    if (comm == NREAD_APPEND) {
     8007: 1537:        if (new_it->it_flags & ITEM_CHUNKED) {
    13516: 1538:            if (_store_item_copy_chunks(new_it, old_it, old_it->nbytes - 2) == -1 ||
     6758: 1539:                _store_item_copy_chunks(new_it, add_it, add_it->nbytes) == -1) {
    #####: 1540:                return -1;
        -: 1541:            }
        -: 1542:        } else {
     1249: 1543:            memcpy(ITEM_data(new_it), ITEM_data(old_it), old_it->nbytes);
     1249: 1544:            memcpy(ITEM_data(new_it) + old_it->nbytes - 2 /* CRLF */, ITEM_data(add_it), add_it->nbytes);
        -: 1545:        }
        -: 1546:    } else {
        -: 1547:        /* NREAD_PREPEND */
     8007: 1548:        if (new_it->it_flags & ITEM_CHUNKED) {
    13516: 1549:            if (_store_item_copy_chunks(new_it, add_it, add_it->nbytes - 2) == -1 ||
     6758: 1550:                _store_item_copy_chunks(new_it, old_it, old_it->nbytes) == -1) {
    #####: 1551:                return -1;
        -: 1552:            }
        -: 1553:        } else {
     1249: 1554:            memcpy(ITEM_data(new_it), ITEM_data(add_it), add_it->nbytes);
     1249: 1555:            memcpy(ITEM_data(new_it) + add_it->nbytes - 2 /* CRLF */, ITEM_data(old_it), old_it->nbytes);
        -: 1556:        }
        -: 1557:    }
        -: 1558:    return 0;
        -: 1559:}
        -: 1560:
        -: 1561:/*
        -: 1562: * Stores an item in the cache according to the semantics of one of the set
        -: 1563: * commands. Protected by the item lock.
        -: 1564: *
        -: 1565: * Returns the state of storage.
        -: 1566: */
   325947: 1567:enum store_item_type do_store_item(item *it, int comm, conn *c, const uint32_t hv) {
   325947: 1568:    char *key = ITEM_key(it);
   325947: 1569:    item *old_it = do_item_get(key, it->nkey, hv, c, DONT_UPDATE);
   325947: 1570:    enum store_item_type stored = NOT_STORED;
        -: 1571:
   325947: 1572:    enum cas_result { CAS_NONE, CAS_MATCH, CAS_BADVAL, CAS_STALE, CAS_MISS };
        -: 1573:
   325947: 1574:    item *new_it = NULL;
   325947: 1575:    uint32_t flags;
        -: 1576:
        -: 1577:    /* Do the CAS test up front so we can apply to all store modes */
   325947: 1578:    enum cas_result cas_res = CAS_NONE;
        -: 1579:
   325947: 1580:    bool do_store = false;
   325947: 1581:    if (old_it != NULL) {
        -: 1582:        // Most of the CAS work requires something to compare to.
    36403: 1583:        uint64_t it_cas = ITEM_get_cas(it);
    36403: 1584:        uint64_t old_cas = ITEM_get_cas(old_it);
    36403: 1585:        if (it_cas == 0) {
        -: 1586:            cas_res = CAS_NONE;
       20: 1587:        } else if (it_cas == old_cas) {
        -: 1588:            cas_res = CAS_MATCH;
        9: 1589:        } else if (c->set_stale && it_cas < old_cas) {
        -: 1590:            cas_res = CAS_STALE;
        -: 1591:        } else {
        8: 1592:            cas_res = CAS_BADVAL;
        -: 1593:        }
        -: 1594:
    36403: 1595:        switch (comm) {
      648: 1596:            case NREAD_ADD:
        -: 1597:                /* add only adds a nonexistent item, but promote to head of LRU */
      648: 1598:                do_item_update(old_it);
      648: 1599:                break;
       22: 1600:            case NREAD_CAS:
       22: 1601:                if (cas_res == CAS_MATCH) {
        -: 1602:                    // cas validates
        -: 1603:                    // it and old_it may belong to different classes.
        -: 1604:                    // I'm updating the stats for the one that's getting pushed out
       11: 1605:                    pthread_mutex_lock(&c->thread->stats.mutex);
       11: 1606:                    c->thread->stats.slab_stats[ITEM_clsid(old_it)].cas_hits++;
       11: 1607:                    pthread_mutex_unlock(&c->thread->stats.mutex);
       11: 1608:                    do_store = true;
       11: 1609:                } else if (cas_res == CAS_STALE) {
        -: 1610:                    // if we're allowed to set a stale value, CAS must be lower than
        -: 1611:                    // the current item's CAS.
        -: 1612:                    // This replaces the value, but should preserve TTL, and stale
        -: 1613:                    // item marker bit + token sent if exists.
        1: 1614:                    it->exptime = old_it->exptime;
        1: 1615:                    it->it_flags |= ITEM_STALE;
        1: 1616:                    if (old_it->it_flags & ITEM_TOKEN_SENT) {
        1: 1617:                        it->it_flags |= ITEM_TOKEN_SENT;
        -: 1618:                    }
        -: 1619:
        1: 1620:                    pthread_mutex_lock(&c->thread->stats.mutex);
        1: 1621:                    c->thread->stats.slab_stats[ITEM_clsid(old_it)].cas_hits++;
        1: 1622:                    pthread_mutex_unlock(&c->thread->stats.mutex);
        1: 1623:                    do_store = true;
        -: 1624:                } else {
        -: 1625:                    // NONE or BADVAL are the same for CAS cmd
       10: 1626:                    pthread_mutex_lock(&c->thread->stats.mutex);
       10: 1627:                    c->thread->stats.slab_stats[ITEM_clsid(old_it)].cas_badval++;
       10: 1628:                    pthread_mutex_unlock(&c->thread->stats.mutex);
        -: 1629:
       10: 1630:                    if (settings.verbose > 1) {
    #####: 1631:                        fprintf(stderr, "CAS:  failure: expected %llu, got %llu\n",
    #####: 1632:                                (unsigned long long)ITEM_get_cas(old_it),
    #####: 1633:                                (unsigned long long)ITEM_get_cas(it));
        -: 1634:                    }
        -: 1635:                    stored = EXISTS;
        -: 1636:                }
        -: 1637:                break;
    16016: 1638:            case NREAD_APPEND:
        -: 1639:            case NREAD_PREPEND:
    16016: 1640:                if (cas_res != CAS_NONE && cas_res != CAS_MATCH) {
        -: 1641:                    stored = EXISTS;
        -: 1642:                    break;
        -: 1643:                }
        -: 1644:#ifdef EXTSTORE
    16016: 1645:                if ((old_it->it_flags & ITEM_HDR) != 0) {
        -: 1646:                    /* block append/prepend from working with extstore-d items.
        -: 1647:                     * leave response code to NOT_STORED default */
        -: 1648:                    break;
        -: 1649:                }
        -: 1650:#endif
        -: 1651:                /* we have it and old_it here - alloc memory to hold both */
    16014: 1652:                FLAGS_CONV(old_it, flags);
    16014: 1653:                new_it = do_item_alloc(key, it->nkey, flags, old_it->exptime, it->nbytes + old_it->nbytes - 2 /* CRLF */);
        -: 1654:
        -: 1655:                // OOM trying to copy.
    16014: 1656:                if (new_it == NULL)
        -: 1657:                    break;
        -: 1658:                /* copy data from it and old_it to new_it */
    16014: 1659:                if (_store_item_copy_data(comm, old_it, new_it, it) == -1) {
        -: 1660:                    // failed data copy
        -: 1661:                    break;
        -: 1662:                } else {
        -: 1663:                    // refcount of new_it is 1 here. will end up 2 after link.
        -: 1664:                    // it's original ref is managed outside of this function
    16014: 1665:                    it = new_it;
    16014: 1666:                    do_store = true;
        -: 1667:                }
    16014: 1668:                break;
    19717: 1669:            case NREAD_REPLACE:
        -: 1670:            case NREAD_SET:
    19717: 1671:                do_store = true;
    19717: 1672:                break;
        -: 1673:        }
        -: 1674:
    36403: 1675:        if (do_store) {
    35743: 1676:            STORAGE_delete(c->thread->storage, old_it);
    35743: 1677:            item_replace(old_it, it, hv);
    35743: 1678:            stored = STORED;
        -: 1679:        }
        -: 1680:
    36403: 1681:        do_item_remove(old_it);         /* release our reference */
    36403: 1682:        if (new_it != NULL) {
        -: 1683:            // append/prepend end up with an extra reference for new_it.
[...]
      103: 6018:        rlim.rlim_max = settings.maxconns;
      103: 6019:        if (setrlimit(RLIMIT_NOFILE, &rlim) != 0) {
        -: 6020:#ifndef MEMCACHED_DEBUG
        -: 6021:            fprintf(stderr, "failed to set rlimit for open files. Try starting as root or requesting smaller maxconns value.\n");
        -: 6022:            exit(EX_OSERR);
        -: 6023:#endif
      103: 6024:        }
        -: 6025:    }
        -: 6026:
        -: 6027:    /* lose root privileges if we have them */
      103: 6028:    if (getuid() == 0 || geteuid() == 0) {
    #####: 6029:        if (username == 0 || *username == '\0') {
    #####: 6030:            fprintf(stderr, "can't run as root without the -u switch\n");
    #####: 6031:            exit(EX_USAGE);
        -: 6032:        }
    #####: 6033:        if ((pw = getpwnam(username)) == 0) {
    #####: 6034:            fprintf(stderr, "can't find the user %s to switch to\n", username);
    #####: 6035:            exit(EX_NOUSER);
        -: 6036:        }
    #####: 6037:        if (setgroups(0, NULL) < 0) {
        -: 6038:            /* setgroups may fail with EPERM, indicating we are already in a
        -: 6039:             * minimally-privileged state. In that case we continue. For all
        -: 6040:             * other failure codes we exit.
        -: 6041:             *
        -: 6042:             * Note that errno is stored here because fprintf may change it.
        -: 6043:             */
    #####: 6044:            bool should_exit = errno != EPERM;
    #####: 6045:            fprintf(stderr, "failed to drop supplementary groups: %s\n",
        -: 6046:                    strerror(errno));
    #####: 6047:            if (should_exit) {
    #####: 6048:                exit(EX_OSERR);
        -: 6049:            }
        -: 6050:        }
    #####: 6051:        if (setgid(pw->pw_gid) < 0 || setuid(pw->pw_uid) < 0) {
    #####: 6052:            fprintf(stderr, "failed to assume identity of user %s\n", username);
    #####: 6053:            exit(EX_OSERR);
        -: 6054:        }
        -: 6055:    }
        -: 6056:
        -: 6057:    /* Initialize Sasl if -S was specified */
      103: 6058:    if (settings.sasl) {
      103: 6059:        init_sasl();
        -: 6060:    }
        -: 6061:
        -: 6062:    /* daemonize if requested */
        -: 6063:    /* if we want to ensure our ability to dump core, don't chdir to / */
      103: 6064:    if (do_daemonize) {
    #####: 6065:        if (signal(SIGHUP, SIG_IGN) == SIG_ERR) {
    #####: 6066:            perror("Failed to ignore SIGHUP");
        -: 6067:        }
    #####: 6068:        if (daemonize(maxcore, settings.verbose) == -1) {
    #####: 6069:            fprintf(stderr, "failed to daemon() in order to daemonize\n");
    #####: 6070:            exit(EXIT_FAILURE);
        -: 6071:        }
        -: 6072:    }
        -: 6073:
        -: 6074:    /* lock paged memory if needed */
      104: 6075:    if (lock_memory) {
        -: 6076:#ifdef HAVE_MLOCKALL
    #####: 6077:        int res = mlockall(MCL_CURRENT | MCL_FUTURE);
    #####: 6078:        if (res != 0) {
    #####: 6079:            fprintf(stderr, "warning: -k invalid, mlockall() failed: %s\n",
    #####: 6080:                    strerror(errno));
        -: 6081:        }
        -: 6082:#else
        -: 6083:        fprintf(stderr, "warning: -k invalid, mlockall() not supported on this platform.  proceeding without.\n");
        -: 6084:#endif
        -: 6085:    }
        -: 6086:
        -: 6087:    /* initialize main thread libevent instance */
        -: 6088:#if defined(LIBEVENT_VERSION_NUMBER) && LIBEVENT_VERSION_NUMBER >= 0x02000101
        -: 6089:    /* If libevent version is larger/equal to 2.0.2-alpha, use newer version */
      104: 6090:    struct event_config *ev_config;
      104: 6091:    ev_config = event_config_new();
      104: 6092:    event_config_set_flag(ev_config, EVENT_BASE_FLAG_NOLOCK);
      104: 6093:    main_base = event_base_new_with_config(ev_config);
      104: 6094:    event_config_free(ev_config);
        -: 6095:#else
        -: 6096:    /* Otherwise, use older API */
        -: 6097:    main_base = event_init();
        -: 6098:#endif
        -: 6099:
        -: 6100:    /* Load initial auth file if required */
      104: 6101:    if (settings.auth_file) {
        1: 6102:        if (settings.udpport) {
    #####: 6103:            fprintf(stderr, "Cannot use UDP with ascii authentication enabled (-U 0 to disable)\n");
    #####: 6104:            exit(EX_USAGE);
        -: 6105:        }
        -: 6106:
        1: 6107:        switch (authfile_load(settings.auth_file)) {
    #####: 6108:            case AUTHFILE_STATFAIL:
    #####: 6109:                vperror("Could not stat authfile [%s], error %s", settings.auth_file
    #####: 6110:                                                            , strerror(errno));
    #####: 6111:                exit(EXIT_FAILURE);
    #####: 6112:                break;
    #####: 6113:            case AUTHFILE_OPENFAIL:
    #####: 6114:                vperror("Could not open authfile [%s] for reading, error %s", settings.auth_file
    #####: 6115:                                                                           , strerror(errno));
    #####: 6116:                exit(EXIT_FAILURE);
    #####: 6117:                break;
    #####: 6118:            case AUTHFILE_OOM:
    #####: 6119:                fprintf(stderr, "Out of memory reading password file: %s", settings.auth_file);
    #####: 6120:                exit(EXIT_FAILURE);
    #####: 6121:                break;
    #####: 6122:            case AUTHFILE_MALFORMED:
    #####: 6123:                fprintf(stderr, "Authfile [%s] has a malformed entry. Should be 'user:password'", settings.auth_file);
    #####: 6124:                exit(EXIT_FAILURE);
        -: 6125:                break;
        -: 6126:            case AUTHFILE_OK:
        -: 6127:                break;
        -: 6128:        }
        -: 6129:    }
        -: 6130:
        -: 6131:    /* initialize other stuff */
      104: 6132:    stats_init();
      104: 6133:    logger_init();
      104: 6134:    conn_init();
      104: 6135:    bool reuse_mem = false;
      104: 6136:    void *mem_base = NULL;
      104: 6137:    bool prefill = false;
      104: 6138:    if (settings.memory_file != NULL) {
        2: 6139:        preallocate = true;
        -: 6140:        // Easier to manage memory if we prefill the global pool when reusing.
        2: 6141:        prefill = true;
        2: 6142:        restart_register("main", _mc_meta_load_cb, _mc_meta_save_cb, meta);
        4: 6143:        reuse_mem = restart_mmap_open(settings.maxbytes,
        2: 6144:                        settings.memory_file,
        -: 6145:                        &mem_base);
        -: 6146:        // The "save" callback gets called when we're closing out the mmap,
        -: 6147:        // but we don't know what the mmap_base is until after we call open.
        -: 6148:        // So we pass the struct above but have to fill it in here so the
        -: 6149:        // data's available during the save routine.
        2: 6150:        meta->mmap_base = mem_base;
        -: 6151:        // Also, the callbacks for load() run before _open returns, so we
        -: 6152:        // should have the old base in 'meta' as of here.
        -: 6153:    }
        -: 6154:    // Initialize the hash table _after_ checking restart metadata.
        -: 6155:    // We override the hash table start argument with what was live
        -: 6156:    // previously, to avoid filling a huge set of items into a tiny hash
        -: 6157:    // table.
      104: 6158:    assoc_init(settings.hashpower_init);
        -: 6159:#ifdef EXTSTORE
      104: 6160:    if (storage_enabled && reuse_mem) {
    #####: 6161:        fprintf(stderr, "[restart] memory restart with extstore not presently supported.\n");
    #####: 6162:        reuse_mem = false;
        -: 6163:    }
        -: 6164:#endif
      208: 6165:    slabs_init(settings.maxbytes, settings.factor, preallocate,
        -: 6166:            use_slab_sizes ? slab_sizes : NULL, mem_base, reuse_mem);
        -: 6167:#ifdef EXTSTORE
      104: 6168:    if (storage_enabled) {
        8: 6169:        storage = storage_init(storage_cf);
        8: 6170:        if (storage == NULL) {
        1: 6171:            exit(EXIT_FAILURE);
        -: 6172:        }
        7: 6173:        ext_storage = storage;
        -: 6174:        /* page mover algorithm for extstore needs memory prefilled */
        7: 6175:        prefill = true;
        -: 6176:    }
        -: 6177:#endif
        -: 6178:
      103: 6179:    if (settings.drop_privileges) {
      103: 6180:        setup_privilege_violations_handler();
        -: 6181:    }
        -: 6182:
      103: 6183:    if (prefill)
        9: 6184:        slabs_prefill_global();
        -: 6185:    /* In restartable mode and we've decided to issue a fixup on memory */
      103: 6186:    if (settings.memory_file != NULL && reuse_mem) {
        1: 6187:        mc_ptr_t old_base = meta->old_base;
        1: 6188:        assert(old_base == meta->old_base);
        -: 6189:
        -: 6190:        // should've pulled in process_started from meta file.
        1: 6191:        process_started = meta->process_started;
        -: 6192:        // TODO: must be a more canonical way of serializing/deserializing
        -: 6193:        // pointers? passing through uint64_t should work, and we're not
        -: 6194:        // annotating the pointer with anything, but it's still slightly
        -: 6195:        // insane.
        1: 6196:        restart_fixup((void *)old_base);
        -: 6197:    }
        -: 6198:    /*
        -: 6199:     * ignore SIGPIPE signals; we can use errno == EPIPE if we
        -: 6200:     * need that information
        -: 6201:     */
      103: 6202:    if (signal(SIGPIPE, SIG_IGN) == SIG_ERR) {
    #####: 6203:        perror("failed to ignore SIGPIPE; sigaction");
    #####: 6204:        exit(EX_OSERR);
        -: 6205:    }
        -: 6206:    /* start up worker threads if MT mode */
        -: 6207:#ifdef PROXY
        -: 6208:    if (settings.proxy_enabled) {
        -: 6209:        proxy_init(settings.proxy_uring);
        -: 6210:        if (proxy_load_config(settings.proxy_ctx) != 0) {
        -: 6211:            exit(EXIT_FAILURE);
        -: 6212:        }
        -: 6213:    }
        -: 6214:#endif
        -: 6215:#ifdef EXTSTORE
      103: 6216:    slabs_set_storage(storage);
      103: 6217:    memcached_thread_init(settings.num_threads, storage);
      103: 6218:    init_lru_crawler(storage);
        -: 6219:#else
        -: 6220:    memcached_thread_init(settings.num_threads, NULL);
        -: 6221:    init_lru_crawler(NULL);
        -: 6222:#endif
        -: 6223:
      103: 6224:    if (start_assoc_maint && start_assoc_maintenance_thread() == -1) {
    #####: 6225:        exit(EXIT_FAILURE);
        -: 6226:    }
      103: 6227:    if (start_lru_crawler && start_item_crawler_thread() != 0) {
    #####: 6228:        fprintf(stderr, "Failed to enable LRU crawler thread\n");
    #####: 6229:        exit(EXIT_FAILURE);
        -: 6230:    }
        -: 6231:#ifdef EXTSTORE
      103: 6232:    if (storage && start_storage_compact_thread(storage) != 0) {
    #####: 6233:        fprintf(stderr, "Failed to start storage compaction thread\n");
    #####: 6234:        exit(EXIT_FAILURE);
        -: 6235:    }
      103: 6236:    if (storage && start_storage_write_thread(storage) != 0) {
    #####: 6237:        fprintf(stderr, "Failed to start storage writer thread\n");
    #####: 6238:        exit(EXIT_FAILURE);
        -: 6239:    }
        -: 6240:
      103: 6241:    if (start_lru_maintainer && start_lru_maintainer_thread(storage) != 0) {
        -: 6242:#else
        -: 6243:    if (start_lru_maintainer && start_lru_maintainer_thread(NULL) != 0) {
        -: 6244:#endif
    #####: 6245:        fprintf(stderr, "Failed to enable LRU maintainer thread\n");
    #####: 6246:        free(meta);
    #####: 6247:        return 1;
        -: 6248:    }
        -: 6249:
      199: 6250:    if (settings.slab_reassign &&
       96: 6251:        start_slab_maintenance_thread() == -1) {
    #####: 6252:        exit(EXIT_FAILURE);
        -: 6253:    }
        -: 6254:
      103: 6255:    if (settings.idle_timeout && start_conn_timeout_thread() == -1) {
    #####: 6256:        exit(EXIT_FAILURE);
        -: 6257:    }
        -: 6258:
        -: 6259:    /* initialise clock event */
        -: 6260:#if defined(HAVE_CLOCK_GETTIME) && defined(CLOCK_MONOTONIC)
        -: 6261:    {
      103: 6262:        struct timespec ts;
      103: 6263:        if (clock_gettime(CLOCK_MONOTONIC, &ts) == 0) {
      103: 6264:            monotonic = true;
      103: 6265:            monotonic_start = ts.tv_sec;
        -: 6266:            // Monotonic clock needs special handling for restarts.
        -: 6267:            // We get a start time at an arbitrary place, so we need to
        -: 6268:            // restore the original time delta, which is always "now" - _start
      103: 6269:            if (reuse_mem) {
        -: 6270:                // the running timespan at stop time + the time we think we
        -: 6271:                // were stopped.
        1: 6272:                monotonic_start -= meta->current_time + meta->time_delta;
        -: 6273:            } else {
      102: 6274:                monotonic_start -= ITEM_UPDATE_INTERVAL + 2;
        -: 6275:            }
        -: 6276:        }
        -: 6277:    }
        -: 6278:#endif
      103: 6279:    clock_handler(0, 0, 0);
        -: 6280:
        -: 6281:    /* create unix mode sockets after dropping privileges */
      103: 6282:    if (settings.socketpath != NULL) {
       93: 6283:        errno = 0;
       93: 6284:        if (server_socket_unix(settings.socketpath,settings.access)) {
    #####: 6285:            vperror("failed to listen on UNIX socket: %s", settings.socketpath);
    #####: 6286:            exit(EX_OSERR);
        -: 6287:        }
        -: 6288:    }
        -: 6289:
        -: 6290:    /* create the listening socket, bind it, and init */
      103: 6291:    if (settings.socketpath == NULL) {
       10: 6292:        const char *portnumber_filename = getenv("MEMCACHED_PORT_FILENAME");
       10: 6293:        char *temp_portnumber_filename = NULL;
       10: 6294:        size_t len;
       10: 6295:        FILE *portnumber_file = NULL;
        -: 6296:
       10: 6297:        if (portnumber_filename != NULL) {
        3: 6298:            len = strlen(portnumber_filename)+4+1;
        3: 6299:            temp_portnumber_filename = malloc(len);
        3: 6300:            snprintf(temp_portnumber_filename,
        -: 6301:                     len,
        -: 6302:                     "%s.lck", portnumber_filename);
        -: 6303:
        3: 6304:            portnumber_file = fopen(temp_portnumber_filename, "a");
        3: 6305:            if (portnumber_file == NULL) {
    #####: 6306:                fprintf(stderr, "Failed to open \"%s\": %s\n",
    #####: 6307:                        temp_portnumber_filename, strerror(errno));
        -: 6308:            }
        -: 6309:        }
        -: 6310:
       10: 6311:        errno = 0;
       10: 6312:        if (settings.port && server_sockets(settings.port, tcp_transport,
        -: 6313:                                           portnumber_file)) {
        1: 6314:            if (settings.inter == NULL) {
    #####: 6315:                vperror("failed to listen on TCP port %d", settings.port);
        -: 6316:            } else {
        1: 6317:                vperror("failed to listen on one of interface(s) %s", settings.inter);
        -: 6318:            }
        1: 6319:            exit(EX_OSERR);
        -: 6320:        }
        -: 6321:
        -: 6322:        /*
        -: 6323:         * initialization order: first create the listening sockets
        -: 6324:         * (may need root on low ports), then drop root if needed,
        -: 6325:         * then daemonize if needed, then init libevent (in some cases
        -: 6326:         * descriptors created by libevent wouldn't survive forking).
        -: 6327:         */
        -: 6328:
        -: 6329:        /* create the UDP listening socket and bind it */
        9: 6330:        errno = 0;
        9: 6331:        if (settings.udpport && server_sockets(settings.udpport, udp_transport,
        -: 6332:                                              portnumber_file)) {
    #####: 6333:            if (settings.inter == NULL) {
    #####: 6334:                vperror("failed to listen on UDP port %d", settings.udpport);
        -: 6335:            } else {
    #####: 6336:                vperror("failed to listen on one of interface(s) %s", settings.inter);
        -: 6337:            }
    #####: 6338:            exit(EX_OSERR);
        -: 6339:        }
        -: 6340:
        9: 6341:        if (portnumber_file) {
        3: 6342:            fclose(portnumber_file);
        3: 6343:            rename(temp_portnumber_filename, portnumber_filename);
        -: 6344:        }
        9: 6345:        if (temp_portnumber_filename)
        3: 6346:            free(temp_portnumber_filename);
        -: 6347:    }
        -: 6348:
        -: 6349:    /* Give the sockets a moment to open. I know this is dumb, but the error
        -: 6350:     * is only an advisory.
        -: 6351:     */
      102: 6352:    usleep(1000);
      102: 6353:    if (stats_state.curr_conns + stats_state.reserved_fds >= settings.maxconns - 1) {
    #####: 6354:        fprintf(stderr, "Maxconns setting is too low, use -c to increase.\n");
    #####: 6355:        exit(EXIT_FAILURE);
        -: 6356:    }
        -: 6357:
      102: 6358:    if (pid_file != NULL) {
        1: 6359:        save_pid(pid_file);
        -: 6360:    }
        -: 6361:
        -: 6362:    /* Drop privileges no longer needed */
      102: 6363:    if (settings.drop_privileges) {
      102: 6364:        drop_privileges();
        -: 6365:    }
        -: 6366:
        -: 6367:    /* Initialize the uriencode lookup table. */
      102: 6368:    uriencode_init();
        -: 6369:
        -: 6370:    /* enter the event loop */
      665: 6371:    while (!stop_main_loop) {
      563: 6372:        if (event_base_loop(main_base, EVLOOP_ONCE) != 0) {
        -: 6373:            retval = EXIT_FAILURE;
        -: 6374:            break;
        -: 6375:        }
        -: 6376:    }
        -: 6377:
      102: 6378:    switch (stop_main_loop) {
        2: 6379:        case GRACE_STOP:
        2: 6380:            fprintf(stderr, "Gracefully stopping\n");
        -: 6381:        break;
        -: 6382:        case EXIT_NORMALLY:
        -: 6383:            // Don't need to print anything to STDERR for a normal shutdown.
        -: 6384:        break;
    #####: 6385:        default:
    #####: 6386:            fprintf(stderr, "Exiting on error\n");
        -: 6387:        break;
        -: 6388:    }
        -: 6389:
      102: 6390:    stop_threads();
      102: 6391:    if (settings.memory_file != NULL && stop_main_loop == GRACE_STOP) {
        1: 6392:        restart_mmap_close();
        -: 6393:    }
        -: 6394:
        -: 6395:    /* remove the PID file if we're a daemon */
      102: 6396:    if (do_daemonize)
        1: 6397:        remove_pidfile(pid_file);
        -: 6398:    /* Clean up strdup() call for bind() address */
      102: 6399:    if (settings.inter)
        6: 6400:      free(settings.inter);
        -: 6401:
        -: 6402:    /* cleanup base */
      102: 6403:    event_base_free(main_base);
        -: 6404:
      102: 6405:    free(meta);
        -: 6406:
      102: 6407:    return retval;
        -: 6408:}
